<?xml version="1.0" encoding="UTF-8"?>
<testsuite xmlns:xsi="http://www.w3.org/2001/XMLSchema-instance" xsi:noNamespaceSchemaLocation="https://maven.apache.org/surefire/maven-surefire-plugin/xsd/surefire-test-report-3.0.xsd" version="3.0" name="Lesson4_auto.TriangleTest" time="0.137" tests="5" errors="0" skipped="0" failures="0">
  <properties>
[...]
</properties>
  <testcase name="sidePositiveTrue" classname="Lesson4_auto.TriangleTest" time="0.03">
    <system-out><![CDATA[16:07:25.449 [main] INFO  Lesson4_auto.TriangleTest - выполнится перед всем тестовым набором
16:07:25.480 [main] INFO  Lesson4_auto.TriangleTest - выполнится перед каждым тестом
16:07:25.489 [main] INFO  Lesson4_auto.utils.TimingExtention - Test sidePositiveTrue execution time 8
16:07:25.495 [main] DEBUG Lesson4_auto.TriangleTest - выполнится после каждого теста
]]></system-out>
  </testcase>
  <testcase name="AreaTriangleTrue" classname="Lesson4_auto.TriangleTest" time="0.026">
    <system-out><![CDATA[16:07:25.495 [main] INFO  Lesson4_auto.TriangleTest - выполнится перед каждым тестом
16:07:25.520 [main] INFO  Lesson4_auto.utils.TimingExtention - Test AreaTriangleTrue execution time 9
16:07:25.520 [main] DEBUG Lesson4_auto.TriangleTest - выполнится после каждого теста
]]></system-out>
  </testcase>
  <testcase name="triangleTrue" classname="Lesson4_auto.TriangleTest" time="0.004">
    <system-out><![CDATA[16:07:25.524 [main] INFO  Lesson4_auto.TriangleTest - выполнится перед каждым тестом
16:07:25.525 [main] INFO  Lesson4_auto.utils.TimingExtention - Test triangleTrue execution time 1
16:07:25.526 [main] DEBUG Lesson4_auto.TriangleTest - выполнится после каждого теста
]]></system-out>
  </testcase>
  <testcase name="multiplicationTrue" classname="Lesson4_auto.TriangleTest" time="0.003">
    <system-out><![CDATA[16:07:25.531 [main] INFO  Lesson4_auto.TriangleTest - выполнится перед каждым тестом
16:07:25.532 [main] INFO  Lesson4_auto.utils.TimingExtention - Test multiplicationTrue execution time 1
16:07:25.532 [main] DEBUG Lesson4_auto.TriangleTest - выполнится после каждого теста
]]></system-out>
  </testcase>
  <testcase name="testSumAngleTriangleTrue" classname="Lesson4_auto.TriangleTest" time="0.003">
    <system-out><![CDATA[16:07:25.536 [main] INFO  Lesson4_auto.TriangleTest - выполнится перед каждым тестом
16:07:25.537 [main] INFO  Lesson4_auto.utils.TimingExtention - Test testSumAngleTriangleTrue execution time 0
16:07:25.538 [main] DEBUG Lesson4_auto.TriangleTest - выполнится после каждого теста
]]></system-out>
  </testcase>
</testsuite>